#
# A fatal error has been detected by the Java Runtime Environment:
#
#  EXCEPTION_ACCESS_VIOLATION (0xc0000005) at pc=0x000000006d199ead, pid=3104, tid=3040
#
# JRE version: 6.0_24-b07
# Java VM: Java HotSpot(TM) 64-Bit Server VM (19.1-b02 mixed mode windows-amd64 compressed oops)
# Problematic frame:
# C  [awt.dll+0xf9ead]
#
# If you would like to submit a bug report, please visit:
#   http://java.sun.com/webapps/bugreport/crash.jsp
# The crash happened outside the Java Virtual Machine in native code.
# See problematic frame for where to report the bug.
#

---------------  T H R E A D  ---------------

Current thread (0x0000000006554000):  JavaThread "AWT-Windows" daemon [_thread_in_native, id=3040, stack(0x0000000007a70000,0x0000000007b70000)]

siginfo: ExceptionCode=0xc0000005, reading address 0x0000000000000000

Registers:
RAX=0x0000000000002000, RBX=0x0000000009eb5300, RCX=0x0000000000000000, RDX=0x00000000000000a8
RSP=0x0000000007b6f620, RBP=0x0000000000000000, RSI=0x0000000000000024, RDI=0x0000000000000000
R8=0x0000000000000024, R9=0x0000000000001000, R10=0x0000000000000000, R11=0x000000006def9520
R12=0x0000000000000000, R13=0x00000000db2458c0, R14=0x0000000007b6f8b8, R15=0x0000000006554000
RIP=0x000000006d199ead, EFLAGS=0x0000000000010202

Register to memory mapping:

RAX=0x0000000000002000
0x0000000000002000 is pointing to unknown location

RBX=0x0000000009eb5300
0x0000000009eb5300 is pointing to unknown location

RCX=0x0000000000000000
0x0000000000000000 is pointing to unknown location

RDX=0x00000000000000a8
0x00000000000000a8 is pointing to unknown location

RSP=0x0000000007b6f620
0x0000000007b6f620 is pointing into the stack for thread: 0x0000000006554000
"AWT-Windows" daemon prio=6 tid=0x0000000006554000 nid=0xbe0 runnable [0x0000000007b6f000]
   java.lang.Thread.State: RUNNABLE

RBP=0x0000000000000000
0x0000000000000000 is pointing to unknown location

RSI=0x0000000000000024
0x0000000000000024 is pointing to unknown location

RDI=0x0000000000000000
0x0000000000000000 is pointing to unknown location

R8 =0x0000000000000024
0x0000000000000024 is pointing to unknown location

R9 =0x0000000000001000
0x0000000000001000 is pointing to unknown location

R10=0x0000000000000000
0x0000000000000000 is pointing to unknown location

R11=0x000000006def9520
0x000000006def9520 is pointing to unknown location

R12=0x0000000000000000
0x0000000000000000 is pointing to unknown location

R13=0x00000000db2458c0
{method} 
 - klass: {other class}

R14=0x0000000007b6f8b8
0x0000000007b6f8b8 is pointing into the stack for thread: 0x0000000006554000
"AWT-Windows" daemon prio=6 tid=0x0000000006554000 nid=0xbe0 runnable [0x0000000007b6f000]
   java.lang.Thread.State: RUNNABLE

R15=0x0000000006554000
"AWT-Windows" daemon prio=6 tid=0x0000000006554000 nid=0xbe0 runnable [0x0000000007b6f000]
   java.lang.Thread.State: RUNNABLE


Top of Stack: (sp=0x0000000007b6f620)
0x0000000007b6f620:   0000000007b6f6f8 0000000000000000
0x0000000007b6f630:   000000006d170870 000007fefef71574
0x0000000007b6f640:   000007fefeec4830 0000000076bb71ca
0x0000000007b6f650:   0000000000000000 0000000000000000
0x0000000007b6f660:   0000000000000000 000000006dae4c08
0x0000000007b6f670:   0000000000000000 000000006d18d96b
0x0000000007b6f680:   00000000073346d0 0000000006554000
0x0000000007b6f690:   0000000000000001 0000000000000000
0x0000000007b6f6a0:   00000000065541c8 000000006d18da6b
0x0000000007b6f6b0:   0000000000000000 000000006d1711ac
0x0000000007b6f6c0:   00000000073346d0 0000000000000000
0x0000000007b6f6d0:   00000000065541c8 000000006d18dba8
0x0000000007b6f6e0:   fffff88000000082 00000000073346d0
0x0000000007b6f6f0:   0000000000000001 0000000000000000
0x0000000007b6f700:   00000000073346d0 000000006d121aee
0x0000000007b6f710:   0000000000343b30 0000000007b6f898 

Instructions: (pc=0x000000006d199ead)
0x000000006d199e9d:   20 00 00 41 b9 00 10 00 00 44 8b c6 44 0f 44 c8
0x000000006d199ead:   48 8b 01 41 c1 e0 05 44 89 4c 24 20 4c 8d 4c 24 


Stack: [0x0000000007a70000,0x0000000007b70000],  sp=0x0000000007b6f620,  free space=1021k
Native frames: (J=compiled Java code, j=interpreted, Vv=VM code, C=native code)
C  [awt.dll+0xf9ead]

[error occurred during error reporting (printing native stack), id 0xc0000005]

Java frames: (J=compiled Java code, j=interpreted, Vv=VM code)
j  sun.awt.windows.WToolkit.eventLoop()V+0
j  sun.awt.windows.WToolkit.run()V+52
j  java.lang.Thread.run()V+11
v  ~StubRoutines::call_stub

---------------  P R O C E S S  ---------------

Java Threads: ( => current thread )
  0x000000000655a800 JavaThread "Thread-1" daemon [_thread_in_native, id=4816, stack(0x000000000a770000,0x000000000a870000)]
  0x0000000006557000 JavaThread "Code server for pl.edu.agh.ftj.datamaining.Main from Mozilla/5.0 (Windows; U; Windows NT 6.1; pl; rv:1.9.2.16) Gecko/20110319 Firefox/3.6.16 on http://127.0.0.1:8888/welcomeGWT.html?gwt.codesvr=127.0.0.1:9997 @ >Uw"0$s_L#WlbV}{" daemon [_thread_in_native, id=4656, stack(0x000000000cb80000,0x000000000cc80000)]
  0x000000000655b000 JavaThread "TimerQueue" daemon [_thread_blocked, id=5036, stack(0x000000000a920000,0x000000000aa20000)]
  0x0000000006557800 JavaThread "Code server listener" daemon [_thread_in_native, id=2244, stack(0x000000000cd90000,0x000000000ce90000)]
  0x0000000006554800 JavaThread "AWT-EventQueue-0" [_thread_blocked, id=5204, stack(0x0000000007b70000,0x0000000007c70000)]
=>0x0000000006554000 JavaThread "AWT-Windows" daemon [_thread_in_native, id=3040, stack(0x0000000007a70000,0x0000000007b70000)]
  0x0000000006553800 JavaThread "AWT-Shutdown" [_thread_blocked, id=5788, stack(0x0000000007970000,0x0000000007a70000)]
  0x0000000006552800 JavaThread "Java2D Disposer" daemon [_thread_blocked, id=5240, stack(0x0000000007870000,0x0000000007970000)]
  0x0000000006552000 JavaThread "Low Memory Detector" daemon [_thread_blocked, id=5732, stack(0x0000000006f10000,0x0000000007010000)]
  0x0000000006542000 JavaThread "CompilerThread1" daemon [_thread_blocked, id=2844, stack(0x0000000006e10000,0x0000000006f10000)]
  0x0000000006540800 JavaThread "CompilerThread0" daemon [_thread_blocked, id=5028, stack(0x0000000006d10000,0x0000000006e10000)]
  0x0000000006529000 JavaThread "JDWP Command Reader" daemon [_thread_in_native, id=3440, stack(0x0000000006c10000,0x0000000006d10000)]
  0x0000000006528000 JavaThread "JDWP Event Helper Thread" daemon [_thread_blocked, id=3916, stack(0x0000000006b10000,0x0000000006c10000)]
  0x0000000006523800 JavaThread "JDWP Transport Listener: dt_socket" daemon [_thread_blocked, id=5984, stack(0x0000000006950000,0x0000000006a50000)]
  0x0000000006515000 JavaThread "Attach Listener" daemon [_thread_blocked, id=5932, stack(0x00000000067c0000,0x00000000068c0000)]
  0x000000000650f800 JavaThread "Signal Dispatcher" daemon [_thread_blocked, id=5792, stack(0x00000000066c0000,0x00000000067c0000)]
  0x000000000062c800 JavaThread "Finalizer" daemon [_thread_blocked, id=3012, stack(0x00000000063c0000,0x00000000064c0000)]
  0x0000000000625800 JavaThread "Reference Handler" daemon [_thread_blocked, id=5884, stack(0x00000000062c0000,0x00000000063c0000)]
  0x000000000071d800 JavaThread "main" [_thread_blocked, id=3676, stack(0x0000000002590000,0x0000000002690000)]

Other Threads:
  0x000000000061f800 VMThread [stack: 0x00000000061c0000,0x00000000062c0000] [id=488]
  0x0000000006573800 WatcherThread [stack: 0x0000000007010000,0x0000000007110000] [id=4736]

VM state:not at safepoint (normal execution)

VM Mutex/Monitor currently owned by a thread: None

Heap
 PSYoungGen      total 87488K, used 70714K [0x00000000f5560000, 0x00000000fd5a0000, 0x0000000100000000)
  eden space 76160K, 77% used [0x00000000f5560000,0x00000000f8f5eaf0,0x00000000f9fc0000)
  from space 11328K, 99% used [0x00000000fca90000,0x00000000fd59fd70,0x00000000fd5a0000)
  to   space 27136K, 0% used [0x00000000fa0a0000,0x00000000fa0a0000,0x00000000fbb20000)
 PSOldGen        total 63808K, used 17751K [0x00000000e0000000, 0x00000000e3e50000, 0x00000000f5560000)
  object space 63808K, 27% used [0x00000000e0000000,0x00000000e1155ec0,0x00000000e3e50000)
 PSPermGen       total 66112K, used 33545K [0x00000000dae00000, 0x00000000dee90000, 0x00000000e0000000)
  object space 66112K, 50% used [0x00000000dae00000,0x00000000dcec2620,0x00000000dee90000)

Dynamic libraries:
0x0000000000400000 - 0x000000000042e000 	C:\Program Files\Java\jdk1.6.0_24\jre\bin\java.exe
0x0000000076dc0000 - 0x0000000076f6b000 	C:\Windows\SYSTEM32\ntdll.dll
0x0000000076ca0000 - 0x0000000076dbf000 	C:\Windows\system32\kernel32.dll
0x000007fefd080000 - 0x000007fefd0eb000 	C:\Windows\system32\KERNELBASE.dll
0x000007fefd590000 - 0x000007fefd66b000 	C:\Windows\system32\ADVAPI32.dll
0x000007fefd350000 - 0x000007fefd3ef000 	C:\Windows\system32\msvcrt.dll
0x000007fefe940000 - 0x000007fefe95f000 	C:\Windows\SYSTEM32\sechost.dll
0x000007fefd220000 - 0x000007fefd34e000 	C:\Windows\system32\RPCRT4.dll
0x000007fefcbf0000 - 0x000007fefcc47000 	C:\Windows\system32\apphelp.dll
0x000007fef6240000 - 0x000007fef6291000 	C:\Windows\AppPatch\AppPatch64\AcGenral.DLL
0x000007fefcbc0000 - 0x000007fefcbe5000 	C:\Windows\system32\SspiCli.dll
0x000007fefebc0000 - 0x000007fefec31000 	C:\Windows\system32\SHLWAPI.dll
0x000007feff040000 - 0x000007feff0a7000 	C:\Windows\system32\GDI32.dll
0x0000000076ba0000 - 0x0000000076c9a000 	C:\Windows\system32\USER32.dll
0x000007fefd850000 - 0x000007fefd85e000 	C:\Windows\system32\LPK.dll
0x000007fefec40000 - 0x000007fefed0a000 	C:\Windows\system32\USP10.dll
0x000007fefed60000 - 0x000007fefef61000 	C:\Windows\system32\ole32.dll
0x000007fefda30000 - 0x000007fefe7b6000 	C:\Windows\system32\SHELL32.dll
0x0000000074ae0000 - 0x0000000074ae3000 	C:\Windows\system32\sfc.dll
0x000007fef9dc0000 - 0x000007fef9dd0000 	C:\Windows\system32\sfc_os.DLL
0x000007fefc060000 - 0x000007fefc07e000 	C:\Windows\system32\USERENV.dll
0x000007fefcd20000 - 0x000007fefcd2f000 	C:\Windows\system32\profapi.dll
0x000007fefb210000 - 0x000007fefb228000 	C:\Windows\system32\dwmapi.dll
0x000007fef9da0000 - 0x000007fef9db8000 	C:\Windows\system32\MPR.dll
0x000007fefef70000 - 0x000007fefef9e000 	C:\Windows\system32\IMM32.DLL
0x000007fefd470000 - 0x000007fefd579000 	C:\Windows\system32\MSCTF.dll
0x000000006d890000 - 0x000000006df94000 	C:\Program Files\Java\jdk1.6.0_24\jre\bin\server\jvm.dll
0x000007fef96a0000 - 0x000007fef96db000 	C:\Windows\system32\WINMM.dll
0x000000006d800000 - 0x000000006d80e000 	C:\Program Files\Java\jdk1.6.0_24\jre\bin\verify.dll
0x000000006d450000 - 0x000000006d477000 	C:\Program Files\Java\jdk1.6.0_24\jre\bin\java.dll
0x000000006d3b0000 - 0x000000006d3ba000 	C:\Program Files\Java\jdk1.6.0_24\jre\bin\hpi.dll
0x0000000076f80000 - 0x0000000076f87000 	C:\Windows\system32\PSAPI.DLL
0x000000006d4c0000 - 0x000000006d4f4000 	C:\Program Files\Java\jdk1.6.0_24\jre\bin\jdwp.dll
0x000000006d6d0000 - 0x000000006d6d8000 	C:\Program Files\Java\jdk1.6.0_24\jre\bin\npt.dll
0x000000006d850000 - 0x000000006d862000 	C:\Program Files\Java\jdk1.6.0_24\jre\bin\zip.dll
0x000000006d310000 - 0x000000006d319000 	C:\Program Files\Java\jdk1.6.0_24\jre\bin\dt_socket.dll
0x000007fefed10000 - 0x000007fefed5d000 	C:\Windows\system32\WS2_32.dll
0x000007fefd580000 - 0x000007fefd588000 	C:\Windows\system32\NSI.dll
0x000007fefc590000 - 0x000007fefc5e4000 	C:\Windows\system32\mswsock.dll
0x000007fefbf60000 - 0x000007fefbf67000 	C:\Windows\System32\wshtcpip.dll
0x000000006d6a0000 - 0x000000006d6b7000 	C:\Program Files\Java\jdk1.6.0_24\jre\bin\net.dll
0x000007fefc580000 - 0x000007fefc587000 	C:\Windows\System32\wship6.dll
0x000000006d0a0000 - 0x000000006d263000 	C:\Program Files\Java\jdk1.6.0_24\jre\bin\awt.dll
0x000007fefa900000 - 0x000007fefa970000 	C:\Windows\system32\WINSPOOL.DRV
0x000007fefb550000 - 0x000007fefb744000 	C:\Windows\WinSxS\amd64_microsoft.windows.common-controls_6595b64144ccf1df_6.0.7600.16385_none_fa645303170382f6\COMCTL32.dll
0x000007fefb4a0000 - 0x000007fefb4f6000 	C:\Windows\system32\uxtheme.dll
0x000007fefcc50000 - 0x000007fefcc5f000 	C:\Windows\system32\CRYPTBASE.dll
0x000007feed180000 - 0x000007feed37f000 	C:\Windows\system32\d3d9.dll
0x000007fefbe40000 - 0x000007fefbe4c000 	C:\Windows\system32\VERSION.dll
0x000007feeeae0000 - 0x000007feeeae7000 	C:\Windows\system32\d3d8thk.dll
0x0000000072fd0000 - 0x0000000073068000 	C:\Windows\system32\aticfx64.dll
0x000007fefbb90000 - 0x000007fefbb9d000 	C:\Windows\system32\atiu9p64.dll
0x000000006c3f0000 - 0x000000006c8e7000 	C:\Windows\system32\atiumd64.dll
0x000000006c0e0000 - 0x000000006c3e9000 	C:\Windows\system32\atiumd6a.dll
0x000000006d340000 - 0x000000006d3a6000 	C:\Program Files\Java\jdk1.6.0_24\jre\bin\fontmanager.dll
0x000000006d6c0000 - 0x000000006d6cb000 	C:\Program Files\Java\jdk1.6.0_24\jre\bin\nio.dll
0x000007fefc410000 - 0x000007fefc46b000 	C:\Windows\system32\DNSAPI.dll
0x000007fefa640000 - 0x000007fefa667000 	C:\Windows\system32\IPHLPAPI.DLL
0x000007fefa790000 - 0x000007fefa79b000 	C:\Windows\system32\WINNSI.DLL
0x000007fef88c0000 - 0x000007fef88c8000 	C:\Windows\system32\rasadhlp.dll
0x000007fefd8b0000 - 0x000007fefd987000 	C:\Windows\system32\OLEAUT32.DLL
0x000007fefc5f0000 - 0x000007fefc607000 	C:\Windows\system32\CRYPTSP.dll
0x000007fefc2f0000 - 0x000007fefc337000 	C:\Windows\system32\rsaenh.dll
0x000007fefb2d0000 - 0x000007fefb2e5000 	C:\Windows\system32\NLAapi.dll
0x000007fef5d50000 - 0x000007fef5d5b000 	C:\Windows\System32\winrnr.dll
0x000007fef5d30000 - 0x000007fef5d45000 	C:\Windows\system32\napinsp.dll
0x000007fef5d10000 - 0x000007fef5d29000 	C:\Windows\system32\pnrpnsp.dll
0x000007fef5d00000 - 0x000007fef5d10000 	C:\Windows\system32\wshbth.dll
0x000007fefa570000 - 0x000007fefa5c3000 	C:\Windows\System32\fwpuclnt.dll
0x000007fefd990000 - 0x000007fefda29000 	C:\Windows\system32\CLBCatQ.DLL
0x000007fefba40000 - 0x000007fefbb6c000 	C:\Windows\system32\PROPSYS.dll
0x000007feeebf0000 - 0x000007feef7be000 	C:\Windows\System32\ieframe.dll
0x000007fef9bc0000 - 0x000007fef9c14000 	C:\Windows\System32\OLEACC.dll
0x000007fefe960000 - 0x000007fefebb8000 	C:\Windows\system32\iertutil.dll
0x000007fefe7c0000 - 0x000007fefe938000 	C:\Windows\system32\urlmon.dll
0x000007fefce50000 - 0x000007fefcfb6000 	C:\Windows\system32\CRYPT32.dll
0x000007fefcdc0000 - 0x000007fefcdcf000 	C:\Windows\system32\MSASN1.dll

VM Arguments:
jvm_args: -Xmx512m -Xdebug -Xnoagent -Djava.compiler=NONE -Xrunjdwp:transport=dt_socket,server=y,address=8000,suspend=y 
java_command: com.google.gwt.dev.DevMode -war C:\Users\ravduke\Documents\NetBeansProjects\GWTGUI\target\GWTGUI -gen C:\Users\ravduke\Documents\NetBeansProjects\GWTGUI\target\.generated -logLevel INFO -port 8888 -startupUrl welcomeGWT.html pl.edu.agh.ftj.datamaining.Main
Launcher Type: SUN_STANDARD

Environment Variables:
JAVA_HOME=C:\Program Files\Java\jdk1.6.0_24
CLASSPATH=.;C:\Program Files (x86)\Java\jre6\lib\ext\QTJava.zip
PATH=C:\Program Files (x86)\PC Connectivity Solution\;C:\Windows\system32;C:\Windows;C:\Windows\System32\Wbem;C:\Windows\System32\WindowsPowerShell\v1.0\;C:\Program Files\WIDCOMM\Bluetooth Software\;C:\Program Files\WIDCOMM\Bluetooth Software\syswow64;C:\Program Files\Broadcom\Broadcom 802.11 Network Adapter\Driver;C:\Program Files (x86)\ATI Technologies\ATI.ACE\Core-Static;C:\Program Files\Intel\WiFi\bin\;C:\Program Files\Common Files\Intel\WirelessCommon\;C:\Program Files (x86)\Common Files\Softimage;C:\Program Files\Common Files\Softimage;C:\MATLAB701\bin\win32;C:\Program Files\MATLAB\R2009b\runtime\win64;C:\Program Files\MATLAB\R2009b\bin;C:\Program Files (x86)\QuickTime\QTSystem\;C:\Program Files (x86)\Microsoft SQL Server\100\Tools\Binn\;C:\Program Files\Microsoft SQL Server\100\Tools\Binn\;C:\Program Files\Microsoft SQL Server\100\DTS\Binn\;C:\Program Files\TortoiseSVN\bin;C:\Program Files\Apache Maven\bin;C:\Program Files (x86)\Git\cmd
USERNAME=ravduke
OS=Windows_NT
PROCESSOR_IDENTIFIER=Intel64 Family 6 Model 37 Stepping 2, GenuineIntel



---------------  S Y S T E M  ---------------

OS: Windows 7 Build 7600 

CPU:total 4 (2 cores per cpu, 2 threads per core) family 6 model 37 stepping 2, cmov, cx8, fxsr, mmx, sse, sse2, sse3, ssse3, sse4.1, sse4.2, popcnt, ht

Memory: 4k page, physical 4051456k(1291632k free), swap 8101016k(4325864k free)

vm_info: Java HotSpot(TM) 64-Bit Server VM (19.1-b02) for windows-amd64 JRE (1.6.0_24-b07), built on Feb  2 2011 16:25:45 by "java_re" with MS VC++ 8.0 (VS2005)

time: Thu Apr 14 20:53:45 2011
elapsed time: 32286 seconds

